2021-09-27 14:32:31 - Pcap is listening...
2021-09-27 14:35:48 - Pcap stop listening
2021-09-27 14:35:48 - path:D:\cicflowmeter-4\CICFlowMeter-4.0\bin\data\daily\2021-09-27_Flow.csv
2021-09-27 14:42:50 - path:D:\cicflowmeter-4\CICFlowMeter-4.0\bin\data\daily\2021-09-27_Flow.csv
2021-09-27 14:49:50 - Pcap is listening...
2021-09-27 14:52:55 - Pcap stop listening
2021-09-27 14:52:55 - path:C:\Users\Network Lab\Desktop\J L Shreya\CICFlowMeter and ISCXFlowMeter\cicflowmeter-4\CICFlowMeter-4.0\bin\data\daily\2021-09-27_Flow.csv
2021-09-27 14:53:05 - Pcap is listening...
2021-09-27 14:54:31 - Pcap stop listening
2021-09-27 14:54:31 - path:C:\Users\Network Lab\Desktop\J L Shreya\CICFlowMeter and ISCXFlowMeter\cicflowmeter-4\CICFlowMeter-4.0\bin\data\daily\2021-09-27_Flow.csv
2021-09-27 14:54:49 - path:C:\Users\Network Lab\Desktop\J L Shreya\CICFlowMeter and ISCXFlowMeter\cicflowmeter-4\CICFlowMeter-4.0\bin\data\daily\2021-09-27_Flow.csv
2021-09-27 14:54:49 - path:C:\Users\Network Lab\Desktop\J L Shreya\CICFlowMeter and ISCXFlowMeter\cicflowmeter-4\CICFlowMeter-4.0\bin\data\daily\2021-09-27_Flow.csv
2021-09-27 14:56:26 - Pcap is listening...
2021-09-27 16:01:14 - Pcap stop listening
2021-09-27 16:01:14 - path:C:\Users\Network Lab\Desktop\J L Shreya\CICFlowMeter and ISCXFlowMeter\cicflowmeter-4\CICFlowMeter-4.0\bin\data\daily\2021-09-27_Flow.csv
2021-09-29 19:01:19 - Pcap is listening...
2021-09-29 19:04:20 - Pcap stop listening
2021-09-29 19:04:20 - path:C:\Users\Network Lab\Desktop\J L Shreya\CICFlowMeter and ISCXFlowMeter\cicflowmeter-4\CICFlowMeter-4.0\bin\data\daily\2021-09-29_Flow.csv
2021-09-29 19:07:47 - path:C:\Users\Network Lab\Desktop\J L Shreya\CICFlowMeter and ISCXFlowMeter\cicflowmeter-4\CICFlowMeter-4.0\bin\data\daily\2021-09-29_Flow.csv
2021-12-19 20:29:20 - Pcap is listening...
2021-12-19 20:34:17 - Pcap stop listening
2021-12-19 20:34:17 - path:F:\CICFlowMeter-4.0\bin\data\daily\2021-12-19_Flow.csv
2021-12-19 20:40:47 - Pcap is listening...
2021-12-19 20:41:21 - Pcap stop listening
2021-12-19 20:41:22 - path:F:\CICFlowMeter-4.0\bin\data\daily\2021-12-19_Flow.csv
2023-04-02 20:15:04 - Please select pcap!
2023-04-02 20:24:48 - Pcap is listening...
2023-04-02 20:26:08 - Pcap stop listening
2023-04-02 20:26:08 - path:C:\Users\TribeConnect\Downloads\cicflowmeter\bin\data\daily\2023-04-02_Flow.csv
2023-04-02 20:26:11 - Pcap is listening...
2023-04-02 20:27:19 - Pcap stop listening
2023-04-02 20:27:19 - path:C:\Users\TribeConnect\Downloads\cicflowmeter\bin\data\daily\2023-04-02_Flow.csv
2023-04-02 20:27:20 - Pcap is listening...
2023-04-02 20:27:22 - Pcap stop listening
2023-04-02 20:27:22 - path:C:\Users\TribeConnect\Downloads\cicflowmeter\bin\data\daily\2023-04-02_Flow.csv
2024-02-15 17:12:31 - Pcap is listening...
2024-02-15 17:12:38 - path:C:\Users\nevin\Downloads\CICFlowmeter-20240215T231134Z-001\CICFlowmeter\bin\data\daily\2024-02-15_Flow.csv
2024-02-15 17:13:58 - Pcap is listening...
2024-02-15 17:14:07 - path:C:\Users\nevin\Downloads\CICFlowmeter-20240215T231134Z-001\CICFlowmeter\bin\data\daily\2024-02-15_Flow.csv
2024-02-15 17:28:47 - Pcap is listening...
2024-02-15 17:29:08 - path:C:\Users\nevin\Downloads\CICFlowmeter-20240215T231134Z-001\CICFlowmeter\bin\data\daily\2024-02-15_Flow.csv
2024-02-15 17:29:10 - Pcap is listening...
2024-02-15 17:29:12 - path:C:\Users\nevin\Downloads\CICFlowmeter-20240215T231134Z-001\CICFlowmeter\bin\data\daily\2024-02-15_Flow.csv
2024-02-15 17:29:13 - Pcap is listening...
2024-02-15 17:29:15 - path:C:\Users\nevin\Downloads\CICFlowmeter-20240215T231134Z-001\CICFlowmeter\bin\data\daily\2024-02-15_Flow.csv
2024-02-15 17:29:16 - Pcap is listening...
2024-02-15 17:29:20 - path:C:\Users\nevin\Downloads\CICFlowmeter-20240215T231134Z-001\CICFlowmeter\bin\data\daily\2024-02-15_Flow.csv
2024-02-15 17:29:20 - Pcap is listening...
2024-02-15 17:29:22 - path:C:\Users\nevin\Downloads\CICFlowmeter-20240215T231134Z-001\CICFlowmeter\bin\data\daily\2024-02-15_Flow.csv
2024-02-15 17:29:23 - Pcap is listening...
2024-02-15 17:29:24 - path:C:\Users\nevin\Downloads\CICFlowmeter-20240215T231134Z-001\CICFlowmeter\bin\data\daily\2024-02-15_Flow.csv
2024-02-15 17:29:26 - Pcap is listening...
2024-02-15 17:29:45 - path:C:\Users\nevin\Downloads\CICFlowmeter-20240215T231134Z-001\CICFlowmeter\bin\data\daily\2024-02-15_Flow.csv
2024-02-15 17:29:47 - Pcap is listening...
2024-02-15 17:31:59 - Pcap is listening...
2024-02-15 17:32:07 - path:C:\Users\nevin\Downloads\CICFlowmeter-20240215T231134Z-001\CICFlowmeter\bin\data\daily\2024-02-15_Flow.csv
2024-02-15 17:32:07 - Pcap is listening...
2024-02-15 17:32:10 - path:C:\Users\nevin\Downloads\CICFlowmeter-20240215T231134Z-001\CICFlowmeter\bin\data\daily\2024-02-15_Flow.csv
2024-02-15 17:32:12 - path:C:\Users\nevin\Downloads\CICFlowmeter-20240215T231134Z-001\CICFlowmeter\bin\data\daily\2024-02-15_Flow.csv
2024-02-15 17:32:12 - Pcap is listening...
2024-02-15 17:32:31 - path:C:\Users\nevin\Downloads\CICFlowmeter-20240215T231134Z-001\CICFlowmeter\bin\data\daily\2024-02-15_Flow.csv
2024-02-15 17:32:32 - Pcap stop listening
2024-02-15 17:32:34 - Pcap is listening...
2024-02-15 17:32:48 - path:C:\Users\nevin\Downloads\CICFlowmeter-20240215T231134Z-001\CICFlowmeter\bin\data\daily\2024-02-15_Flow.csv
2024-02-15 17:32:50 - Pcap is listening...
2024-02-15 17:33:00 - path:C:\Users\nevin\Downloads\CICFlowmeter-20240215T231134Z-001\CICFlowmeter\bin\data\daily\2024-02-15_Flow.csv
2024-02-15 17:33:02 - Pcap is listening...
2024-02-15 17:33:07 - Pcap stop listening
2024-02-15 17:33:13 - path:C:\Users\nevin\Downloads\CICFlowmeter-20240215T231134Z-001\CICFlowmeter\bin\data\daily\2024-02-15_Flow.csv
2024-02-15 17:33:14 - Pcap is listening...
2024-02-15 17:35:42 - Pcap is listening...
2024-02-15 17:36:02 - path:C:\Users\nevin\Downloads\CICFlowmeter-20240215T231134Z-001\CICFlowmeter\bin\data\daily\2024-02-15_Flow.csv
2024-02-15 17:36:06 - Pcap is listening...
2024-02-15 17:36:11 - path:C:\Users\nevin\Downloads\CICFlowmeter-20240215T231134Z-001\CICFlowmeter\bin\data\daily\2024-02-15_Flow.csv
2024-02-15 17:36:32 - Pcap is listening...
2024-02-15 17:37:06 - Pcap stop listening
2024-02-15 17:37:22 - path:C:\Users\nevin\Downloads\CICFlowmeter-20240215T231134Z-001\CICFlowmeter\bin\data\daily\2024-02-15_Flow.csv
2024-02-15 17:37:28 - Pcap stop listening
2024-02-15 17:37:47 - path:C:\Users\nevin\Downloads\CICFlowmeter-20240215T231134Z-001\CICFlowmeter\bin\data\daily\2024-02-15_Flow.csv
2024-02-15 17:38:21 - Please select pcap!
2024-02-15 18:01:41 - You select: C:\\Users\\nevin\\Downloads\\test
2024-02-15 18:01:41 - Out folder: C:\\Users\\nevin\\Downloads\\testOutput
2024-02-15 18:48:16 - Please select pcap!
2024-02-15 18:51:39 - You select: ../../inputs
2024-02-15 18:51:39 - Out folder: ../../outputs
2024-02-15 18:51:39 - Error while opening file for capture: truncated dump file; tried to read 4 file header bytes, only got 0
2024-02-15 18:54:22 - You select: ../../inputs
2024-02-15 18:54:22 - Out folder: ../../outputs
2024-02-15 19:03:45 - You select: ..\\..\\inputs
2024-02-15 19:03:45 - Out folder: ..\\..\\outputs
2024-02-15 19:21:27 - Please select pcap!
2024-02-15 19:28:43 - You select: D:\\Projects\\Intrusion-Detection-System-Using-Machine-Learning\\ids_exploration\\read-network\\inputs
2024-02-15 19:28:43 - Out folder: D:\\Projects\\Intrusion-Detection-System-Using-Machine-Learning\\ids_exploration\\read-network\\outputs
2024-02-15 19:30:26 - You select: d:\\Projects\\Intrusion-Detection-System-Using-Machine-Learning\\ids_exploration\\read-network\\inputs
2024-02-15 19:30:26 - Out folder: d:\\Projects\\Intrusion-Detection-System-Using-Machine-Learning\\ids_exploration\\read-network\\outputs
